<?xml version="1.0" encoding="UTF-8"?>
<!-- Generated by org.testng.reporters.JUnitXMLReporter -->
<testsuite ignored="1" hostname="LAPTOP-PH041OHK" failures="0" tests="4" name="Grouping" time="15.353" errors="0" timestamp="2025-06-24T12:13:55 IST">
  <testcase classname="mainprojecttesting.Logintest" name="ValidateWhetherUserCantAbleToLoginWithInvalidCredentials" time="0.367"/>
  <testcase classname="mainprojecttesting.Logintest" name="dataprovider" time="0.349"/>
  <testcase classname="mainprojecttesting.Logintest" name="dataprovider" time="0.418"/>
  <testcase classname="mainprojecttesting.Logintest" name="validateWhetherUserCanAbleToLoginWithValidCredentials" time="2.979"/>
  <testcase classname="mainprojecttesting.Logintest" name="parameterViaLogin" time="0.0">
    <ignored/>
  </testcase> <!-- parameterViaLogin -->
</testsuite> <!-- Grouping -->
