<?xml version="1.0" encoding="UTF-8"?>
<!-- Generated by org.testng.reporters.JUnitXMLReporter -->
<testsuite ignored="3" hostname="LAPTOP-PH041OHK" failures="0" tests="1" name="parameter.xml" time="3.175" errors="0" timestamp="2025-06-04T11:07:30 IST">
  <testcase classname="mainprojecttesting.Logintest" name="parameterViaLogin" time="0.438"/>
  <testcase classname="mainprojecttesting.Logintest" name="ValidateWhetherUserCantAbleToLoginWithInvalidCredentials" time="0.0">
    <ignored/>
  </testcase> <!-- ValidateWhetherUserCantAbleToLoginWithInvalidCredentials -->
  <testcase classname="mainprojecttesting.Logintest" name="dataprovider" time="0.0">
    <ignored/>
  </testcase> <!-- dataprovider -->
  <testcase classname="mainprojecttesting.Logintest" name="validateWhetherUserCanAbleToLoginWithValidCredentials" time="0.0">
    <ignored/>
  </testcase> <!-- validateWhetherUserCanAbleToLoginWithValidCredentials -->
</testsuite> <!-- parameter.xml -->
