<?xml version="1.0" encoding="UTF-8"?>
<!-- Generated by org.testng.reporters.JUnitXMLReporter -->
<testsuite ignored="0" hostname="LAPTOP-PH041OHK" failures="0" tests="5" name="Test.xml" time="14.96" errors="0" timestamp="2025-06-03T17:49:32 IST">
  <testcase classname="mainprojecttesting.Base" name="beforeMethod" time="1.899"/>
  <testcase classname="mainprojecttesting.Logintest" name="ValidateWhetherUserCantAbleToLoginWithInvalidCredentials" time="0.299"/>
  <testcase classname="mainprojecttesting.Logintest" name="parameterViaLogin" time="0.0"/>
  <testcase classname="mainprojecttesting.Logintest" name="validateWhetherUserCanAbleToLoginWithValidCredentials" time="0.309"/>
  <testcase classname="mainprojecttesting.Base" name="beforeMethod" time="1.966"/>
</testsuite> <!-- Test.xml -->
