<?xml version="1.0" encoding="UTF-8"?>
<testng-results ignored="0" total="4" passed="4" failed="0" skipped="0">
  <reporter-output>
  </reporter-output>
  <suite started-at="2025-06-24T12:13:39 IST" name="Suite" finished-at="2025-06-24T12:13:55 IST" duration-ms="15353">
    <groups>
      <group name="smoke test">
        <method signature="Logintest.ValidateWhetherUserCantAbleToLoginWithInvalidCredentials()[pri:0, instance:mainprojecttesting.Logintest@175c2241]" name="ValidateWhetherUserCantAbleToLoginWithInvalidCredentials" class="mainprojecttesting.Logintest"/>
        <method signature="Logintest.validateWhetherUserCanAbleToLoginWithValidCredentials()[pri:0, instance:mainprojecttesting.Logintest@175c2241]" name="validateWhetherUserCanAbleToLoginWithValidCredentials" class="mainprojecttesting.Logintest"/>
      </group> <!-- smoke test -->
      <group name="regression testing">
        <method signature="Logintest.dataprovider(java.lang.String,java.lang.String)[pri:0, instance:mainprojecttesting.Logintest@175c2241]" name="dataprovider" class="mainprojecttesting.Logintest"/>
      </group> <!-- regression testing -->
    </groups>
    <test started-at="2025-06-24T12:13:39 IST" name="Grouping" finished-at="2025-06-24T12:13:55 IST" duration-ms="15353">
      <class name="mainprojecttesting.Logintest">
        <test-method is-config="true" signature="beforeMethod(java.lang.String)[pri:0, instance:mainprojecttesting.Logintest@175c2241]" started-at="2025-06-24T12:13:39 IST" name="beforeMethod" finished-at="2025-06-24T12:13:42 IST" duration-ms="3045" status="PASS">
          <params>
            <param index="0">
              <value>
                <![CDATA[chrome]]>
              </value>
            </param>
          </params>
          <reporter-output>
          </reporter-output>
        </test-method> <!-- beforeMethod -->
        <test-method signature="ValidateWhetherUserCantAbleToLoginWithInvalidCredentials()[pri:0, instance:mainprojecttesting.Logintest@175c2241]" started-at="2025-06-24T12:13:42 IST" name="ValidateWhetherUserCantAbleToLoginWithInvalidCredentials" finished-at="2025-06-24T12:13:43 IST" duration-ms="367" status="PASS">
          <reporter-output>
          </reporter-output>
        </test-method> <!-- ValidateWhetherUserCantAbleToLoginWithInvalidCredentials -->
        <test-method is-config="true" signature="beforeMethod(java.lang.String)[pri:0, instance:mainprojecttesting.Logintest@175c2241]" started-at="2025-06-24T12:13:43 IST" name="beforeMethod" finished-at="2025-06-24T12:13:45 IST" duration-ms="2507" status="PASS">
          <params>
            <param index="0">
              <value>
                <![CDATA[chrome]]>
              </value>
            </param>
          </params>
          <reporter-output>
          </reporter-output>
        </test-method> <!-- beforeMethod -->
        <test-method signature="dataprovider(java.lang.String,java.lang.String)[pri:0, instance:mainprojecttesting.Logintest@175c2241]" started-at="2025-06-24T12:13:45 IST" name="dataprovider" data-provider="credentials" finished-at="2025-06-24T12:13:46 IST" duration-ms="349" status="PASS">
          <params>
            <param index="0">
              <value>
                <![CDATA[admin]]>
              </value>
            </param>
            <param index="1">
              <value>
                <![CDATA[admin]]>
              </value>
            </param>
          </params>
          <reporter-output>
          </reporter-output>
        </test-method> <!-- dataprovider -->
        <test-method is-config="true" signature="beforeMethod(java.lang.String)[pri:0, instance:mainprojecttesting.Logintest@175c2241]" started-at="2025-06-24T12:13:46 IST" name="beforeMethod" finished-at="2025-06-24T12:13:48 IST" duration-ms="2799" status="PASS">
          <params>
            <param index="0">
              <value>
                <![CDATA[chrome]]>
              </value>
            </param>
          </params>
          <reporter-output>
          </reporter-output>
        </test-method> <!-- beforeMethod -->
        <test-method signature="dataprovider(java.lang.String,java.lang.String)[pri:0, instance:mainprojecttesting.Logintest@175c2241]" started-at="2025-06-24T12:13:48 IST" name="dataprovider" data-provider="credentials" finished-at="2025-06-24T12:13:49 IST" duration-ms="418" status="PASS">
          <params>
            <param index="0">
              <value>
                <![CDATA[admin123]]>
              </value>
            </param>
            <param index="1">
              <value>
                <![CDATA[admin]]>
              </value>
            </param>
          </params>
          <reporter-output>
          </reporter-output>
        </test-method> <!-- dataprovider -->
        <test-method is-config="true" signature="beforeMethod(java.lang.String)[pri:0, instance:mainprojecttesting.Logintest@175c2241]" started-at="2025-06-24T12:13:49 IST" name="beforeMethod" finished-at="2025-06-24T12:13:52 IST" duration-ms="2831" status="PASS">
          <params>
            <param index="0">
              <value>
                <![CDATA[chrome]]>
              </value>
            </param>
          </params>
          <reporter-output>
          </reporter-output>
        </test-method> <!-- beforeMethod -->
        <test-method signature="validateWhetherUserCanAbleToLoginWithValidCredentials()[pri:0, instance:mainprojecttesting.Logintest@175c2241]" started-at="2025-06-24T12:13:52 IST" name="validateWhetherUserCanAbleToLoginWithValidCredentials" finished-at="2025-06-24T12:13:55 IST" duration-ms="2979" status="PASS">
          <reporter-output>
          </reporter-output>
        </test-method> <!-- validateWhetherUserCanAbleToLoginWithValidCredentials -->
      </class> <!-- mainprojecttesting.Logintest -->
    </test> <!-- Grouping -->
  </suite> <!-- Suite -->
</testng-results>
